<?xml version="1.0" encoding="UTF-8"?>
<!-- Generated by org.testng.reporters.JUnitReportReporter -->
<testsuite hostname="AS-J9LZFK3-L" failures="0" tests="1" name="tests.SampleTest" time="1.911" errors="0" timestamp="2024-07-17T18:37:32 IST" skipped="0">
  <testcase classname="tests.SampleTest" name="sampleTest" time="1.911"/>
  <system-out/>
</testsuite> <!-- tests.SampleTest -->
